2018-01-06 15:57:16,310 [Worker-6] INFO  o.e.m.c.i.l.LifecycleMappingFactory - Using org.eclipse.m2e.jdt.JarLifecycleMapping lifecycle mapping for MavenProject: com.luna.common:luna-common:1.0.0-SNAPSHOT @ F:\luna_github\luna\luna-common\pom.xml.
2018-01-06 15:57:16,847 [Worker-6] WARN  o.e.m.c.i.embedder.EclipseLogger - The artifact org.apache.commons:commons-io:jar:1.3.2 has been relocated to commons-io:commons-io:jar:1.3.2
2018-01-06 15:57:17,520 [Worker-6] INFO  o.e.m.j.i.AbstractJavaProjectConfigurator - Adding source folder /luna-common/src/main/java
2018-01-06 15:57:17,520 [Worker-6] INFO  o.e.m.j.i.AbstractJavaProjectConfigurator - Adding resource folder /luna-common/src/main/resources
2018-01-06 15:57:17,520 [Worker-6] INFO  o.e.m.j.i.AbstractJavaProjectConfigurator - Adding source folder /luna-common/src/test/java
2018-01-06 15:57:17,520 [Worker-6] INFO  o.e.m.j.i.AbstractJavaProjectConfigurator - Adding resource folder /luna-common/src/test/resources
2018-01-06 15:57:17,849 [Worker-6] INFO  o.e.m.c.i.p.ProjectConfigurationManager - Imported and configured 1 project(s) in 3 sec
2018-01-06 15:57:23,022 [Worker-8] WARN  o.e.m.c.i.embedder.EclipseLogger - The artifact org.apache.commons:commons-io:jar:1.3.2 has been relocated to commons-io:commons-io:jar:1.3.2
2018-01-06 15:57:23,163 [Worker-8] INFO  o.e.m.c.i.embedder.EclipseLogger - Using 'UTF-8' encoding to copy filtered resources.
2018-01-06 15:57:23,178 [Worker-8] INFO  o.e.m.c.i.embedder.EclipseLogger - Copying 0 resource
2018-01-06 15:57:23,178 [Worker-8] INFO  o.e.m.c.i.embedder.EclipseLogger - Using 'UTF-8' encoding to copy filtered resources.
2018-01-06 15:57:23,178 [Worker-8] INFO  o.e.m.c.i.embedder.EclipseLogger - Copying 0 resource
2018-01-06 15:57:58,880 [Worker-5] INFO  o.e.m.c.i.l.LifecycleMappingFactory - Using NULL lifecycle mapping for MavenProject: com.luna.parent:luna-parent:0.0.1-SNAPSHOT @ F:\luna_github\luna\luna-parent\pom.xml.
2018-01-06 15:57:59,351 [Worker-5] INFO  o.e.m.c.i.l.LifecycleMappingFactory - Using org.eclipse.m2e.jdt.JarLifecycleMapping lifecycle mapping for MavenProject: com.luna.common:luna-common:1.0.0-SNAPSHOT @ F:\luna_github\luna\luna-common\pom.xml.
2018-01-06 15:57:59,617 [Worker-5] WARN  o.e.m.c.i.embedder.EclipseLogger - The artifact org.apache.commons:commons-io:jar:1.3.2 has been relocated to commons-io:commons-io:jar:1.3.2
2018-01-06 15:57:59,914 [Worker-5] INFO  o.e.m.c.i.p.ProjectConfigurationManager - Imported and configured 1 project(s) in 1 sec
2018-01-06 15:58:00,462 [Worker-3] WARN  o.e.m.c.i.embedder.EclipseLogger - The artifact org.apache.commons:commons-io:jar:1.3.2 has been relocated to commons-io:commons-io:jar:1.3.2
2018-01-06 15:58:00,946 [Worker-3] INFO  o.e.m.c.i.embedder.EclipseLogger - Using 'UTF-8' encoding to copy filtered resources.
2018-01-06 15:58:00,946 [Worker-3] INFO  o.e.m.c.i.embedder.EclipseLogger - Copying 0 resource
2018-01-06 15:58:00,962 [Worker-3] INFO  o.e.m.c.i.embedder.EclipseLogger - Using 'UTF-8' encoding to copy filtered resources.
2018-01-06 15:58:00,962 [Worker-3] INFO  o.e.m.c.i.embedder.EclipseLogger - Copying 0 resource
2018-01-06 15:58:43,524 [Worker-8] INFO  o.e.m.c.i.l.LifecycleMappingFactory - Using NULL lifecycle mapping for MavenProject: com.luna.manage:luna-manage:1.0.0-SNAPSHOT @ F:\luna_github\luna\luna-manage\pom.xml.
2018-01-06 15:58:43,586 [Worker-8] INFO  o.e.m.c.i.l.LifecycleMappingFactory - Using org.eclipse.m2e.jdt.JarLifecycleMapping lifecycle mapping for MavenProject: com.luna.manage:luna-manage-pojo:1.0.0-SNAPSHOT @ F:\luna_github\luna\luna-manage\luna-manage-pojo\pom.xml.
2018-01-06 15:58:43,956 [Worker-8] INFO  o.e.m.c.i.l.LifecycleMappingFactory - Using org.eclipse.m2e.jdt.JarLifecycleMapping lifecycle mapping for MavenProject: com.luna.manage:luna-manage-mapper:1.0.0-SNAPSHOT @ F:\luna_github\luna\luna-manage\luna-manage-mapper\pom.xml.
2018-01-06 15:58:44,101 [Worker-8] INFO  o.e.m.c.i.l.LifecycleMappingFactory - Using org.eclipse.m2e.jdt.JarLifecycleMapping lifecycle mapping for MavenProject: com.luna.manage:luna-manage-service:1.0.0-SNAPSHOT @ F:\luna_github\luna\luna-manage\luna-manage-service\pom.xml.
2018-01-06 15:58:44,491 [Worker-8] INFO  o.e.m.c.i.l.LifecycleMappingFactory - Using org.maven.ide.eclipse.wtp.WarLifecycleMapping lifecycle mapping for MavenProject: com.luna.manage:luna-manage-web:1.0.0-SNAPSHOT @ F:\luna_github\luna\luna-manage\luna-manage-web\pom.xml.
2018-01-06 15:58:46,832 [Worker-8] INFO  o.e.m.j.i.AbstractJavaProjectConfigurator - Adding source folder /luna-manage-pojo/src/main/java
2018-01-06 15:58:46,832 [Worker-8] INFO  o.e.m.j.i.AbstractJavaProjectConfigurator - Adding resource folder /luna-manage-pojo/src/main/resources
2018-01-06 15:58:46,832 [Worker-8] INFO  o.e.m.j.i.AbstractJavaProjectConfigurator - Adding source folder /luna-manage-pojo/src/test/java
2018-01-06 15:58:46,832 [Worker-8] INFO  o.e.m.j.i.AbstractJavaProjectConfigurator - Adding resource folder /luna-manage-pojo/src/test/resources
2018-01-06 15:58:47,006 [Worker-8] INFO  o.e.m.j.i.AbstractJavaProjectConfigurator - Adding source folder /luna-manage-mapper/src/main/java
2018-01-06 15:58:47,006 [Worker-8] INFO  o.e.m.j.i.AbstractJavaProjectConfigurator - Adding resource folder /luna-manage-mapper/src/main/resources
2018-01-06 15:58:47,006 [Worker-8] INFO  o.e.m.j.i.AbstractJavaProjectConfigurator - Adding source folder /luna-manage-mapper/src/test/java
2018-01-06 15:58:47,006 [Worker-8] INFO  o.e.m.j.i.AbstractJavaProjectConfigurator - Adding resource folder /luna-manage-mapper/src/test/resources
2018-01-06 15:58:47,162 [Worker-8] INFO  o.e.m.j.i.AbstractJavaProjectConfigurator - Adding source folder /luna-manage-service/src/main/java
2018-01-06 15:58:47,162 [Worker-8] INFO  o.e.m.j.i.AbstractJavaProjectConfigurator - Adding resource folder /luna-manage-service/src/main/resources
2018-01-06 15:58:47,162 [Worker-8] INFO  o.e.m.j.i.AbstractJavaProjectConfigurator - Adding source folder /luna-manage-service/src/test/java
2018-01-06 15:58:47,162 [Worker-8] INFO  o.e.m.j.i.AbstractJavaProjectConfigurator - Adding resource folder /luna-manage-service/src/test/resources
2018-01-06 15:58:47,364 [Worker-8] INFO  o.e.m.j.i.AbstractJavaProjectConfigurator - Adding source folder /luna-manage-web/src/main/java
2018-01-06 15:58:47,364 [Worker-8] INFO  o.e.m.j.i.AbstractJavaProjectConfigurator - Adding resource folder /luna-manage-web/src/main/resources
2018-01-06 15:58:47,364 [Worker-8] INFO  o.e.m.j.i.AbstractJavaProjectConfigurator - Adding source folder /luna-manage-web/src/test/java
2018-01-06 15:58:47,364 [Worker-8] INFO  o.e.m.j.i.AbstractJavaProjectConfigurator - Adding resource folder /luna-manage-web/src/test/resources
2018-01-06 15:58:48,245 [Worker-8] INFO  o.e.m.c.i.p.ProjectConfigurationManager - Imported and configured 5 project(s) in 5 sec
2018-01-06 15:58:49,946 [Worker-5] INFO  o.e.m.c.i.embedder.EclipseLogger - Using 'UTF-8' encoding to copy filtered resources.
2018-01-06 15:58:49,946 [Worker-5] INFO  o.e.m.c.i.embedder.EclipseLogger - Copying 0 resource
2018-01-06 15:58:49,946 [Worker-5] INFO  o.e.m.c.i.embedder.EclipseLogger - Using 'UTF-8' encoding to copy filtered resources.
2018-01-06 15:58:49,946 [Worker-5] INFO  o.e.m.c.i.embedder.EclipseLogger - Copying 0 resource
2018-01-06 15:58:50,546 [Worker-5] INFO  o.e.m.c.i.embedder.EclipseLogger - Using 'UTF-8' encoding to copy filtered resources.
2018-01-06 15:58:50,546 [Worker-5] INFO  o.e.m.c.i.embedder.EclipseLogger - Copying 0 resource
2018-01-06 15:58:50,546 [Worker-5] INFO  o.e.m.c.i.embedder.EclipseLogger - Using 'UTF-8' encoding to copy filtered resources.
2018-01-06 15:58:50,546 [Worker-5] INFO  o.e.m.c.i.embedder.EclipseLogger - Copying 0 resource
2018-01-06 15:58:51,204 [Worker-5] INFO  o.e.m.c.i.embedder.EclipseLogger - Using 'UTF-8' encoding to copy filtered resources.
2018-01-06 15:58:51,204 [Worker-5] INFO  o.e.m.c.i.embedder.EclipseLogger - Copying 0 resource
2018-01-06 15:58:51,204 [Worker-5] INFO  o.e.m.c.i.embedder.EclipseLogger - Using 'UTF-8' encoding to copy filtered resources.
2018-01-06 15:58:51,204 [Worker-5] INFO  o.e.m.c.i.embedder.EclipseLogger - Copying 0 resource
2018-01-06 15:58:51,987 [Worker-5] INFO  o.e.m.c.i.embedder.EclipseLogger - Using 'UTF-8' encoding to copy filtered resources.
2018-01-06 15:58:51,987 [Worker-5] INFO  o.e.m.c.i.embedder.EclipseLogger - Copying 12 resources
2018-01-06 15:58:52,082 [Worker-5] INFO  o.e.m.c.i.embedder.EclipseLogger - Using 'UTF-8' encoding to copy filtered resources.
2018-01-06 15:58:52,082 [Worker-5] INFO  o.e.m.c.i.embedder.EclipseLogger - Copying 0 resource
2018-01-06 15:59:37,994 [Worker-6] INFO  o.e.m.c.i.l.LifecycleMappingFactory - Using org.maven.ide.eclipse.wtp.WarLifecycleMapping lifecycle mapping for MavenProject: com.luna.web:luna-web:1.0.0-SNAPSHOT @ F:\luna_github\luna\luna-web\pom.xml.
2018-01-06 15:59:38,385 [Worker-6] WARN  o.e.m.c.i.embedder.EclipseLogger - The artifact org.apache.commons:commons-io:jar:1.3.2 has been relocated to commons-io:commons-io:jar:1.3.2
2018-01-06 15:59:38,541 [Worker-6] WARN  o.e.m.c.i.embedder.EclipseLogger - The artifact org.apache.commons:commons-io:jar:1.3.2 has been relocated to commons-io:commons-io:jar:1.3.2
2018-01-06 15:59:39,000 [Worker-6] WARN  o.e.m.c.i.embedder.EclipseLogger - The artifact org.apache.commons:commons-io:jar:1.3.2 has been relocated to commons-io:commons-io:jar:1.3.2
2018-01-06 15:59:39,281 [Worker-6] INFO  o.e.m.j.i.AbstractJavaProjectConfigurator - Adding source folder /luna-web/src/main/java
2018-01-06 15:59:39,281 [Worker-6] INFO  o.e.m.j.i.AbstractJavaProjectConfigurator - Adding resource folder /luna-web/src/main/resources
2018-01-06 15:59:39,281 [Worker-6] INFO  o.e.m.j.i.AbstractJavaProjectConfigurator - Adding source folder /luna-web/src/test/java
2018-01-06 15:59:39,281 [Worker-6] INFO  o.e.m.j.i.AbstractJavaProjectConfigurator - Adding resource folder /luna-web/src/test/resources
2018-01-06 15:59:39,661 [Worker-6] INFO  o.e.m.c.i.p.ProjectConfigurationManager - Imported and configured 1 project(s) in 1 sec
2018-01-06 15:59:40,554 [Worker-3] WARN  o.e.m.c.i.embedder.EclipseLogger - The artifact org.apache.commons:commons-io:jar:1.3.2 has been relocated to commons-io:commons-io:jar:1.3.2
2018-01-06 15:59:40,728 [Worker-3] INFO  o.e.m.c.i.embedder.EclipseLogger - Using 'UTF-8' encoding to copy filtered resources.
2018-01-06 15:59:40,729 [Worker-3] INFO  o.e.m.c.i.embedder.EclipseLogger - Copying 10 resources
2018-01-06 15:59:40,790 [Worker-3] INFO  o.e.m.c.i.embedder.EclipseLogger - Using 'UTF-8' encoding to copy filtered resources.
2018-01-06 15:59:40,790 [Worker-3] INFO  o.e.m.c.i.embedder.EclipseLogger - Copying 0 resource
2018-01-06 16:00:12,222 [main] INFO  o.e.m2e.actions.ExecutePomAction - Creating new launch configuration
2018-01-06 16:00:26,742 [Worker-2] INFO  o.e.m.i.launch.MavenLaunchDelegate - F:\luna_github\luna\luna-manage
2018-01-06 16:00:26,742 [Worker-2] INFO  o.e.m.i.launch.MavenLaunchDelegate -  mvn  -B -s D:\apache-maven-3.2.2\conf\settings.xml tomcat7:run
2018-01-06 16:06:01,859 [Worker-4] INFO  o.e.m.i.launch.MavenLaunchDelegate - F:\luna_github\luna\luna-manage
2018-01-06 16:06:01,859 [Worker-4] INFO  o.e.m.i.launch.MavenLaunchDelegate -  mvn  -B -s D:\apache-maven-3.2.2\conf\settings.xml tomcat7:run
2018-01-06 16:07:01,983 [main] INFO  o.e.m2e.actions.ExecutePomAction - Creating new launch configuration
2018-01-06 16:07:14,576 [Worker-11] INFO  o.e.m.i.launch.MavenLaunchDelegate - F:\luna_github\luna\luna-web
2018-01-06 16:07:14,576 [Worker-11] INFO  o.e.m.i.launch.MavenLaunchDelegate -  mvn  -B -s D:\apache-maven-3.2.2\conf\settings.xml tomcat7:run
2018-01-06 16:08:06,655 [Worker-11] INFO  o.e.m.c.i.embedder.EclipseLogger - Using 'UTF-8' encoding to copy filtered resources.
2018-01-06 16:08:06,655 [Worker-11] INFO  o.e.m.c.i.embedder.EclipseLogger - Copying 10 resources
2018-01-06 16:08:06,655 [Worker-11] INFO  o.e.m.c.i.embedder.EclipseLogger - Using 'UTF-8' encoding to copy filtered resources.
2018-01-06 16:08:06,655 [Worker-11] INFO  o.e.m.c.i.embedder.EclipseLogger - Copying 0 resource
2018-01-06 16:08:54,350 [Worker-4] INFO  o.e.m.i.launch.MavenLaunchDelegate - F:\luna_github\luna\luna-manage
2018-01-06 16:08:54,350 [Worker-4] INFO  o.e.m.i.launch.MavenLaunchDelegate -  mvn  -B -s D:\apache-maven-3.2.2\conf\settings.xml tomcat7:run
2018-01-06 16:10:48,655 [Worker-3] INFO  o.e.m.c.i.l.LifecycleMappingFactory - Using org.maven.ide.eclipse.wtp.WarLifecycleMapping lifecycle mapping for MavenProject: com.luna.sso:luna-sso:1.0.0-SNAPSHOT @ F:\luna_github\luna\luna-sso\pom.xml.
2018-01-06 16:10:48,868 [Worker-3] WARN  o.e.m.c.i.embedder.EclipseLogger - The artifact org.apache.commons:commons-io:jar:1.3.2 has been relocated to commons-io:commons-io:jar:1.3.2
2018-01-06 16:10:49,198 [Worker-3] WARN  o.e.m.c.i.embedder.EclipseLogger - The artifact org.apache.commons:commons-io:jar:1.3.2 has been relocated to commons-io:commons-io:jar:1.3.2
2018-01-06 16:10:49,369 [Worker-3] INFO  o.e.m.j.i.AbstractJavaProjectConfigurator - Adding source folder /luna-sso/src/main/java
2018-01-06 16:10:49,369 [Worker-3] INFO  o.e.m.j.i.AbstractJavaProjectConfigurator - Adding resource folder /luna-sso/src/main/resources
2018-01-06 16:10:49,369 [Worker-3] INFO  o.e.m.j.i.AbstractJavaProjectConfigurator - Adding source folder /luna-sso/src/test/java
2018-01-06 16:10:49,369 [Worker-3] INFO  o.e.m.j.i.AbstractJavaProjectConfigurator - Adding resource folder /luna-sso/src/test/resources
2018-01-06 16:10:49,666 [Worker-3] INFO  o.e.m.c.i.p.ProjectConfigurationManager - Imported and configured 1 project(s) in 1 sec
2018-01-06 16:10:50,492 [Worker-16] WARN  o.e.m.c.i.embedder.EclipseLogger - The artifact org.apache.commons:commons-io:jar:1.3.2 has been relocated to commons-io:commons-io:jar:1.3.2
2018-01-06 16:10:50,570 [Worker-16] INFO  o.e.m.c.i.embedder.EclipseLogger - Using 'UTF-8' encoding to copy filtered resources.
2018-01-06 16:10:50,570 [Worker-16] INFO  o.e.m.c.i.embedder.EclipseLogger - Copying 11 resources
2018-01-06 16:10:50,602 [Worker-16] INFO  o.e.m.c.i.embedder.EclipseLogger - Using 'UTF-8' encoding to copy filtered resources.
2018-01-06 16:10:50,602 [Worker-16] INFO  o.e.m.c.i.embedder.EclipseLogger - Copying 0 resource
2018-01-06 16:11:12,972 [Worker-8] INFO  o.e.m.c.i.l.LifecycleMappingFactory - Using org.maven.ide.eclipse.wtp.WarLifecycleMapping lifecycle mapping for MavenProject: com.luna.search:luna-search:1.0.0-SNAPSHOT @ F:\luna_github\luna\luna-search\pom.xml.
2018-01-06 16:11:14,209 [Worker-8] INFO  o.e.m.j.i.AbstractJavaProjectConfigurator - Adding source folder /luna-search/src/main/java
2018-01-06 16:11:14,209 [Worker-8] INFO  o.e.m.j.i.AbstractJavaProjectConfigurator - Adding resource folder /luna-search/src/main/resources
2018-01-06 16:11:14,209 [Worker-8] INFO  o.e.m.j.i.AbstractJavaProjectConfigurator - Adding source folder /luna-search/src/test/java
2018-01-06 16:11:14,209 [Worker-8] INFO  o.e.m.j.i.AbstractJavaProjectConfigurator - Adding resource folder /luna-search/src/test/resources
2018-01-06 16:11:14,552 [Worker-8] INFO  o.e.m.c.i.p.ProjectConfigurationManager - Imported and configured 1 project(s) in 1 sec
